<?xml version="1.0" encoding="UTF-8"?>
<!-- Generated by org.testng.reporters.JUnitReportReporter -->
<testsuite hostname="LAPTOP-69IOM2S0" failures="0" tests="1" name="com.TestCases.DropDownEXP" time="4.600" errors="0" timestamp="2022-06-15T16:58:51 IST" skipped="0">
  <testcase classname="com.TestCases.DropDownEXP" name="getDropDown" time="4.600"/>
  <system-out/>
</testsuite> <!-- com.TestCases.DropDownEXP -->
