<?xml version="1.0" encoding="UTF-8"?>
<!-- Generated by org.testng.reporters.JUnitReportReporter -->
<testsuite hostname="LAPTOP-69IOM2S0" failures="0" tests="1" name="com.TestCases.DragAndDrop" time="4.477" errors="0" timestamp="2022-06-15T20:26:16 IST" skipped="0">
  <testcase classname="com.TestCases.DragAndDrop" name="DragAndDropm" time="4.477"/>
  <system-out/>
</testsuite> <!-- com.TestCases.DragAndDrop -->
